[35m[Appium][39m Welcome to Appium v1.22.3
[35m[Appium][39m Non-default server args:
[35m[Appium][39m   port: 51801
[35m[Appium][39m   loglevel: info
[35m[Appium][39m   tmpDir: C:\Users\Mazway\AppData\Local\Temp\\Katalon\Appium\Temp1669130917153
[35m[Appium][39m   chromedriverPort: 51802
[35m[Appium][39m Deprecated server args:
[35m[Appium][39m   [31m--chromedriver-port[39m => --default-capabilities
[35m[Appium][39m Default capabilities, which will be added to each request unless overridden by desired capabilities:
[35m[Appium][39m   chromedriverPort: 51802
[35m[Appium][39m Appium REST http interface listener started on 0.0.0.0:51801
[35m[HTTP][39m [37m-->[39m [37mGET[39m [37m/wd/hub/status[39m
[35m[HTTP][39m [90m{}[39m
[35m[HTTP][39m [37m<-- GET /wd/hub/status [39m[32m200[39m [90m6 ms - 68[39m
[35m[HTTP][39m [90m[39m
[35m[HTTP][39m [37m-->[39m [37mPOST[39m [37m/wd/hub/session[39m
[35m[HTTP][39m [90m{"desiredCapabilities":{"app":"C:\\Users\\Mazway\\Documents\\QA Engineer\\Katalon Sample Project\\Automate-Calculator\\Mobile App\\Calculator.apk","noReset":true,"deviceName":"emulator-5554 (Android SDK built for x86 - Android 10)","fullReset":false,"platform":"ANDROID","newCommandTimeout":1800,"platformVersion":"10","automationName":"uiautomator2","autoGrantPermissions":true,"platformName":"Android","udid":"emulator-5554","systemPort":51800},"capabilities":{"firstMatch":[{"appium:app":"C:\\Users\\Mazway\\Documents\\QA Engineer\\Katalon Sample Project\\Automate-Calculator\\Mobile App\\Calculator.apk","appium:autoGrantPermissions":true,"appium:automationName":"uiautomator2","appium:deviceName":"emulator-5554 (Android SDK built for x86 - Android 10)","appium:fullReset":false,"appium:newCommandTimeout":1800,"appium:noReset":true,"platform":"ANDROID","platformName":"android","appium:platformVersion":"10","appium:systemPort":51800,"appium:udid":"emulator-5554"}]}}[39m
[35m[BaseDriver][39m The following capabilities are not standard capabilities and should have an extension prefix:
[35m[BaseDriver][39m   platform
[35m[BaseDriver][39m   chromedriverPort
[35m[Appium][39m Appium v1.22.3 creating new AndroidUiautomator2Driver (v1.70.1) session
[35m[BaseDriver][39m The following capabilities were provided, but are not recognized by Appium:
[35m[BaseDriver][39m   platform
[35m[BaseDriver][39m Session created with session id: 451dbaf4-8653-4c12-91c1-6a8caf19a065
[35m[BaseDriver][39m Using local app 'C:\Users\Mazway\Documents\QA Engineer\Katalon Sample Project\Automate-Calculator\Mobile App\Calculator.apk'
[35m[ADB][39m Found 2 'build-tools' folders under 'C:\Users\Mazway\AppData\Local\Android\Sdk' (newest first):
[35m[ADB][39m     C:/Users/Mazway/AppData/Local/Android/Sdk/build-tools/33.0.0
[35m[ADB][39m     C:/Users/Mazway/AppData/Local/Android/Sdk/build-tools/30.0.3
[35m[ADB][39m Using 'adb.exe' from 'C:\Users\Mazway\AppData\Local\Android\Sdk\platform-tools\adb.exe'
[35m[AndroidDriver][39m Retrieving device list
[35m[AndroidDriver][39m Using device: emulator-5554
[35m[ADB][39m Using 'adb.exe' from 'C:\Users\Mazway\AppData\Local\Android\Sdk\platform-tools\adb.exe'
[35m[ADB][39m Getting device platform version
[35m[UiAutomator2][39m Relaxing hidden api policy
[35m[ADB][39m Package name: 'com.google.android.calculator'
[35m[ADB][39m Main activity name: 'com.android.calculator2.Calculator'
[35m[ADB][39m Using 'apksigner.jar' from 'C:\Users\Mazway\AppData\Local\Android\Sdk\build-tools\33.0.0\lib\apksigner.jar'
[35m[ADB][39m 'C:\Users\Mazway\AppData\Roaming\npm\node_modules\appium\node_modules\appium-uiautomator2-server\apks\appium-uiautomator2-server-v4.27.0.apk' is signed with the default certificate
[35m[ADB][39m 'C:\Users\Mazway\AppData\Roaming\npm\node_modules\appium\node_modules\appium-uiautomator2-server\apks\appium-uiautomator2-server-debug-androidTest.apk' is signed with the default certificate
[35m[UiAutomator2][39m Server packages are not going to be (re)installed
[35m[ADB][39m Adding packages ["io.appium.settings","io.appium.uiautomator2.server","io.appium.uiautomator2.server.test"] to Doze whitelist
[35m[ADB][39m 'C:\Users\Mazway\Documents\QA Engineer\Katalon Sample Project\Automate-Calculator\Mobile App\Calculator.apk' is signed with a non-default certificate
[35m[UiAutomator2][39m Starting UIAutomator2 server 4.27.0
[35m[UiAutomator2][39m Using UIAutomator2 server from 'C:\Users\Mazway\AppData\Roaming\npm\node_modules\appium\node_modules\appium-uiautomator2-server\apks\appium-uiautomator2-server-v4.27.0.apk' and test from 'C:\Users\Mazway\AppData\Roaming\npm\node_modules\appium\node_modules\appium-uiautomator2-server\apks\appium-uiautomator2-server-debug-androidTest.apk'
[35m[UiAutomator2][39m Waiting up to 30000ms for UiAutomator2 to be online...
[35m[WD Proxy][39m socket hang up
[35m[WD Proxy][39m socket hang up
[35m[WD Proxy][39m socket hang up
[35m[WD Proxy][39m Determined the downstream protocol as 'W3C'
[35m[AndroidDriver][39m Screen already unlocked, doing nothing
[35m[UiAutomator2][39m Starting 'com.google.android.calculator/com.android.calculator2.Calculator and waiting for 'com.google.android.calculator/com.android.calculator2.Calculator'
[35m[Appium][39m New AndroidUiautomator2Driver session created successfully, session 451dbaf4-8653-4c12-91c1-6a8caf19a065 added to master session list
[35m[HTTP][39m [37m<-- POST /wd/hub/session [39m[32m200[39m [90m8094 ms - 1441[39m
[35m[HTTP][39m [90m[39m
[35m[HTTP][39m [37m-->[39m [37mGET[39m [37m/wd/hub/session/451dbaf4-8653-4c12-91c1-6a8caf19a065[39m
[35m[HTTP][39m [90m{}[39m
[35m[HTTP][39m [37m<-- GET /wd/hub/session/451dbaf4-8653-4c12-91c1-6a8caf19a065 [39m[32m200[39m [90m13 ms - 1395[39m
[35m[HTTP][39m [90m[39m
[35m[HTTP][39m [37m-->[39m [37mGET[39m [37m/wd/hub/session/451dbaf4-8653-4c12-91c1-6a8caf19a065[39m
[35m[HTTP][39m [90m{}[39m
[35m[HTTP][39m [37m<-- GET /wd/hub/session/451dbaf4-8653-4c12-91c1-6a8caf19a065 [39m[32m200[39m [90m9 ms - 1395[39m
[35m[HTTP][39m [90m[39m
[35m[HTTP][39m [37m-->[39m [37mGET[39m [37m/wd/hub/status[39m
[35m[HTTP][39m [90m{}[39m
[35m[HTTP][39m [37m<-- GET /wd/hub/status [39m[32m200[39m [90m1 ms - 68[39m
[35m[HTTP][39m [90m[39m
[35m[HTTP][39m [37m-->[39m [37mPOST[39m [37m/wd/hub/session/451dbaf4-8653-4c12-91c1-6a8caf19a065/timeouts[39m
[35m[HTTP][39m [90m{"implicit":30000}[39m
[35m[HTTP][39m [37m<-- POST /wd/hub/session/451dbaf4-8653-4c12-91c1-6a8caf19a065/timeouts [39m[32m200[39m [90m3 ms - 14[39m
[35m[HTTP][39m [90m[39m
[35m[HTTP][39m [37m-->[39m [37mGET[39m [37m/wd/hub/session/451dbaf4-8653-4c12-91c1-6a8caf19a065/screenshot[39m
[35m[HTTP][39m [90m{}[39m
[35m[HTTP][39m [37m<-- GET /wd/hub/session/451dbaf4-8653-4c12-91c1-6a8caf19a065/screenshot [39m[32m200[39m [90m360 ms - 149108[39m
[35m[HTTP][39m [90m[39m
[35m[HTTP][39m [37m-->[39m [37mGET[39m [37m/wd/hub/session/451dbaf4-8653-4c12-91c1-6a8caf19a065/window/rect[39m
[35m[HTTP][39m [90m{}[39m
[35m[HTTP][39m [37m<-- GET /wd/hub/session/451dbaf4-8653-4c12-91c1-6a8caf19a065/window/rect [39m[32m200[39m [90m19 ms - 50[39m
[35m[HTTP][39m [90m[39m
[35m[HTTP][39m [37m-->[39m [37mGET[39m [37m/wd/hub/session/451dbaf4-8653-4c12-91c1-6a8caf19a065/appium/device/system_bars[39m
[35m[HTTP][39m [90m{}[39m
[35m[HTTP][39m [37m<-- GET /wd/hub/session/451dbaf4-8653-4c12-91c1-6a8caf19a065/appium/device/system_bars [39m[32m200[39m [90m52 ms - 148[39m
[35m[HTTP][39m [90m[39m
[35m[HTTP][39m [37m-->[39m [37mPOST[39m [37m/wd/hub/session/451dbaf4-8653-4c12-91c1-6a8caf19a065/timeouts[39m
[35m[HTTP][39m [90m{"implicit":50}[39m
[35m[HTTP][39m [37m<-- POST /wd/hub/session/451dbaf4-8653-4c12-91c1-6a8caf19a065/timeouts [39m[32m200[39m [90m3 ms - 14[39m
[35m[HTTP][39m [90m[39m
[35m[HTTP][39m [37m-->[39m [37mGET[39m [37m/wd/hub/session/451dbaf4-8653-4c12-91c1-6a8caf19a065/window/rect[39m
[35m[HTTP][39m [90m{}[39m
[35m[HTTP][39m [37m<-- GET /wd/hub/session/451dbaf4-8653-4c12-91c1-6a8caf19a065/window/rect [39m[32m200[39m [90m15 ms - 50[39m
[35m[HTTP][39m [90m[39m
[35m[HTTP][39m [37m-->[39m [37mPOST[39m [37m/wd/hub/session/451dbaf4-8653-4c12-91c1-6a8caf19a065/elements[39m
[35m[HTTP][39m [90m{"using":"xpath","value":"//*[@class = 'android.widget.Button' and (@text = '7' or . = '7') and @resource-id = 'com.google.android.calculator:id/digit_7']"}[39m
[35m[HTTP][39m [37m<-- POST /wd/hub/session/451dbaf4-8653-4c12-91c1-6a8caf19a065/elements [39m[32m200[39m [90m619 ms - 139[39m
[35m[HTTP][39m [90m[39m
[35m[HTTP][39m [37m-->[39m [37mGET[39m [37m/wd/hub/session/451dbaf4-8653-4c12-91c1-6a8caf19a065/element/00000000-0000-004d-ffff-ffff00000059/location[39m
[35m[HTTP][39m [90m{}[39m
[35m[W3C (451dbaf4)][39m Driver proxy active, passing request on via HTTP proxy
[35m[WD Proxy][39m Replacing sessionId 85b05385-6fde-4413-90a6-67cea3ae2a99 with 451dbaf4-8653-4c12-91c1-6a8caf19a065
[35m[HTTP][39m [37m<-- GET /wd/hub/session/451dbaf4-8653-4c12-91c1-6a8caf19a065/element/00000000-0000-004d-ffff-ffff00000059/location [39m[32m200[39m [90m25 ms - 78[39m
[35m[HTTP][39m [90m[39m
[35m[HTTP][39m [37m-->[39m [37mPOST[39m [37m/wd/hub/session/451dbaf4-8653-4c12-91c1-6a8caf19a065/timeouts[39m
[35m[HTTP][39m [90m{"implicit":30000}[39m
[35m[HTTP][39m [37m<-- POST /wd/hub/session/451dbaf4-8653-4c12-91c1-6a8caf19a065/timeouts [39m[32m200[39m [90m1 ms - 14[39m
[35m[HTTP][39m [90m[39m
[35m[HTTP][39m [37m-->[39m [37mPOST[39m [37m/wd/hub/session/451dbaf4-8653-4c12-91c1-6a8caf19a065/element/00000000-0000-004d-ffff-ffff00000059/click[39m
[35m[HTTP][39m [90m{"id":"00000000-0000-004d-ffff-ffff00000059"}[39m
[35m[HTTP][39m [37m<-- POST /wd/hub/session/451dbaf4-8653-4c12-91c1-6a8caf19a065/element/00000000-0000-004d-ffff-ffff00000059/click [39m[32m200[39m [90m560 ms - 14[39m
[35m[HTTP][39m [90m[39m
[35m[HTTP][39m [37m-->[39m [37mPOST[39m [37m/wd/hub/session/451dbaf4-8653-4c12-91c1-6a8caf19a065/timeouts[39m
[35m[HTTP][39m [90m{"implicit":50}[39m
[35m[HTTP][39m [37m<-- POST /wd/hub/session/451dbaf4-8653-4c12-91c1-6a8caf19a065/timeouts [39m[32m200[39m [90m2 ms - 14[39m
[35m[HTTP][39m [90m[39m
[35m[HTTP][39m [37m-->[39m [37mGET[39m [37m/wd/hub/session/451dbaf4-8653-4c12-91c1-6a8caf19a065/window/rect[39m
[35m[HTTP][39m [90m{}[39m
[35m[HTTP][39m [37m<-- GET /wd/hub/session/451dbaf4-8653-4c12-91c1-6a8caf19a065/window/rect [39m[32m200[39m [90m10 ms - 50[39m
[35m[HTTP][39m [90m[39m
[35m[HTTP][39m [37m-->[39m [37mPOST[39m [37m/wd/hub/session/451dbaf4-8653-4c12-91c1-6a8caf19a065/elements[39m
[35m[HTTP][39m [90m{"using":"xpath","value":"//*[@class = 'android.widget.Button' and (@text = '+' or . = '+') and @resource-id = 'com.google.android.calculator:id/op_add']"}[39m
[35m[HTTP][39m [37m<-- POST /wd/hub/session/451dbaf4-8653-4c12-91c1-6a8caf19a065/elements [39m[32m200[39m [90m107 ms - 139[39m
[35m[HTTP][39m [90m[39m
[35m[HTTP][39m [37m-->[39m [37mGET[39m [37m/wd/hub/session/451dbaf4-8653-4c12-91c1-6a8caf19a065/element/00000000-0000-004d-ffff-ffff00000064/location[39m
[35m[HTTP][39m [90m{}[39m
[35m[W3C (451dbaf4)][39m Driver proxy active, passing request on via HTTP proxy
[35m[WD Proxy][39m Replacing sessionId 85b05385-6fde-4413-90a6-67cea3ae2a99 with 451dbaf4-8653-4c12-91c1-6a8caf19a065
[35m[HTTP][39m [37m<-- GET /wd/hub/session/451dbaf4-8653-4c12-91c1-6a8caf19a065/element/00000000-0000-004d-ffff-ffff00000064/location [39m[32m200[39m [90m14 ms - 79[39m
[35m[HTTP][39m [90m[39m
[35m[HTTP][39m [37m-->[39m [37mPOST[39m [37m/wd/hub/session/451dbaf4-8653-4c12-91c1-6a8caf19a065/timeouts[39m
[35m[HTTP][39m [90m{"implicit":30000}[39m
[35m[HTTP][39m [37m<-- POST /wd/hub/session/451dbaf4-8653-4c12-91c1-6a8caf19a065/timeouts [39m[32m200[39m [90m1 ms - 14[39m
[35m[HTTP][39m [90m[39m
[35m[HTTP][39m [37m-->[39m [37mPOST[39m [37m/wd/hub/session/451dbaf4-8653-4c12-91c1-6a8caf19a065/element/00000000-0000-004d-ffff-ffff00000064/click[39m
[35m[HTTP][39m [90m{"id":"00000000-0000-004d-ffff-ffff00000064"}[39m
[35m[HTTP][39m [37m<-- POST /wd/hub/session/451dbaf4-8653-4c12-91c1-6a8caf19a065/element/00000000-0000-004d-ffff-ffff00000064/click [39m[32m200[39m [90m545 ms - 14[39m
[35m[HTTP][39m [90m[39m
[35m[HTTP][39m [37m-->[39m [37mPOST[39m [37m/wd/hub/session/451dbaf4-8653-4c12-91c1-6a8caf19a065/timeouts[39m
[35m[HTTP][39m [90m{"implicit":50}[39m
[35m[HTTP][39m [37m<-- POST /wd/hub/session/451dbaf4-8653-4c12-91c1-6a8caf19a065/timeouts [39m[32m200[39m [90m2 ms - 14[39m
[35m[HTTP][39m [90m[39m
[35m[HTTP][39m [37m-->[39m [37mGET[39m [37m/wd/hub/session/451dbaf4-8653-4c12-91c1-6a8caf19a065/window/rect[39m
[35m[HTTP][39m [90m{}[39m
[35m[HTTP][39m [37m<-- GET /wd/hub/session/451dbaf4-8653-4c12-91c1-6a8caf19a065/window/rect [39m[32m200[39m [90m10 ms - 50[39m
[35m[HTTP][39m [90m[39m
[35m[HTTP][39m [37m-->[39m [37mPOST[39m [37m/wd/hub/session/451dbaf4-8653-4c12-91c1-6a8caf19a065/elements[39m
[35m[HTTP][39m [90m{"using":"xpath","value":"//*[@class = 'android.widget.Button' and (@text = '9' or . = '9') and @resource-id = 'com.google.android.calculator:id/digit_9']"}[39m
[35m[HTTP][39m [37m<-- POST /wd/hub/session/451dbaf4-8653-4c12-91c1-6a8caf19a065/elements [39m[32m200[39m [90m90 ms - 139[39m
[35m[HTTP][39m [90m[39m
[35m[HTTP][39m [37m-->[39m [37mGET[39m [37m/wd/hub/session/451dbaf4-8653-4c12-91c1-6a8caf19a065/element/00000000-0000-004d-ffff-ffff0000005b/location[39m
[35m[HTTP][39m [90m{}[39m
[35m[W3C (451dbaf4)][39m Driver proxy active, passing request on via HTTP proxy
[35m[WD Proxy][39m Replacing sessionId 85b05385-6fde-4413-90a6-67cea3ae2a99 with 451dbaf4-8653-4c12-91c1-6a8caf19a065
[35m[HTTP][39m [37m<-- GET /wd/hub/session/451dbaf4-8653-4c12-91c1-6a8caf19a065/element/00000000-0000-004d-ffff-ffff0000005b/location [39m[32m200[39m [90m15 ms - 79[39m
[35m[HTTP][39m [90m[39m
[35m[HTTP][39m [37m-->[39m [37mPOST[39m [37m/wd/hub/session/451dbaf4-8653-4c12-91c1-6a8caf19a065/timeouts[39m
[35m[HTTP][39m [90m{"implicit":30000}[39m
[35m[HTTP][39m [37m<-- POST /wd/hub/session/451dbaf4-8653-4c12-91c1-6a8caf19a065/timeouts [39m[32m200[39m [90m1 ms - 14[39m
[35m[HTTP][39m [90m[39m
[35m[HTTP][39m [37m-->[39m [37mPOST[39m [37m/wd/hub/session/451dbaf4-8653-4c12-91c1-6a8caf19a065/element/00000000-0000-004d-ffff-ffff0000005b/click[39m
[35m[HTTP][39m [90m{"id":"00000000-0000-004d-ffff-ffff0000005b"}[39m
[35m[HTTP][39m [37m<-- POST /wd/hub/session/451dbaf4-8653-4c12-91c1-6a8caf19a065/element/00000000-0000-004d-ffff-ffff0000005b/click [39m[32m200[39m [90m576 ms - 14[39m
[35m[HTTP][39m [90m[39m
[35m[HTTP][39m [37m-->[39m [37mPOST[39m [37m/wd/hub/session/451dbaf4-8653-4c12-91c1-6a8caf19a065/timeouts[39m
[35m[HTTP][39m [90m{"implicit":50}[39m
[35m[HTTP][39m [37m<-- POST /wd/hub/session/451dbaf4-8653-4c12-91c1-6a8caf19a065/timeouts [39m[32m200[39m [90m1 ms - 14[39m
[35m[HTTP][39m [90m[39m
[35m[HTTP][39m [37m-->[39m [37mGET[39m [37m/wd/hub/session/451dbaf4-8653-4c12-91c1-6a8caf19a065/window/rect[39m
[35m[HTTP][39m [90m{}[39m
[35m[HTTP][39m [37m<-- GET /wd/hub/session/451dbaf4-8653-4c12-91c1-6a8caf19a065/window/rect [39m[32m200[39m [90m10 ms - 50[39m
[35m[HTTP][39m [90m[39m
[35m[HTTP][39m [37m-->[39m [37mPOST[39m [37m/wd/hub/session/451dbaf4-8653-4c12-91c1-6a8caf19a065/elements[39m
[35m[HTTP][39m [90m{"using":"xpath","value":"//*[@class = 'android.widget.Button' and (@text = '=' or . = '=') and @resource-id = 'com.google.android.calculator:id/eq']"}[39m
[35m[HTTP][39m [37m<-- POST /wd/hub/session/451dbaf4-8653-4c12-91c1-6a8caf19a065/elements [39m[32m200[39m [90m152 ms - 139[39m
[35m[HTTP][39m [90m[39m
[35m[HTTP][39m [37m-->[39m [37mGET[39m [37m/wd/hub/session/451dbaf4-8653-4c12-91c1-6a8caf19a065/element/00000000-0000-004d-ffff-ffff00000068/location[39m
[35m[HTTP][39m [90m{}[39m
[35m[W3C (451dbaf4)][39m Driver proxy active, passing request on via HTTP proxy
[35m[WD Proxy][39m Replacing sessionId 85b05385-6fde-4413-90a6-67cea3ae2a99 with 451dbaf4-8653-4c12-91c1-6a8caf19a065
[35m[HTTP][39m [37m<-- GET /wd/hub/session/451dbaf4-8653-4c12-91c1-6a8caf19a065/element/00000000-0000-004d-ffff-ffff00000068/location [39m[32m200[39m [90m15 ms - 79[39m
[35m[HTTP][39m [90m[39m
[35m[HTTP][39m [37m-->[39m [37mPOST[39m [37m/wd/hub/session/451dbaf4-8653-4c12-91c1-6a8caf19a065/timeouts[39m
[35m[HTTP][39m [90m{"implicit":30000}[39m
[35m[HTTP][39m [37m<-- POST /wd/hub/session/451dbaf4-8653-4c12-91c1-6a8caf19a065/timeouts [39m[32m200[39m [90m1 ms - 14[39m
[35m[HTTP][39m [90m[39m
[35m[HTTP][39m [37m-->[39m [37mPOST[39m [37m/wd/hub/session/451dbaf4-8653-4c12-91c1-6a8caf19a065/element/00000000-0000-004d-ffff-ffff00000068/click[39m
[35m[HTTP][39m [90m{"id":"00000000-0000-004d-ffff-ffff00000068"}[39m
[35m[HTTP][39m [37m<-- POST /wd/hub/session/451dbaf4-8653-4c12-91c1-6a8caf19a065/element/00000000-0000-004d-ffff-ffff00000068/click [39m[32m200[39m [90m907 ms - 14[39m
[35m[HTTP][39m [90m[39m
[35m[HTTP][39m [37m-->[39m [37mPOST[39m [37m/wd/hub/session/451dbaf4-8653-4c12-91c1-6a8caf19a065/timeouts[39m
[35m[HTTP][39m [90m{"implicit":50}[39m
[35m[HTTP][39m [37m<-- POST /wd/hub/session/451dbaf4-8653-4c12-91c1-6a8caf19a065/timeouts [39m[32m200[39m [90m4 ms - 14[39m
[35m[HTTP][39m [90m[39m
[35m[HTTP][39m [37m-->[39m [37mGET[39m [37m/wd/hub/session/451dbaf4-8653-4c12-91c1-6a8caf19a065/window/rect[39m
[35m[HTTP][39m [90m{}[39m
[35m[HTTP][39m [37m<-- GET /wd/hub/session/451dbaf4-8653-4c12-91c1-6a8caf19a065/window/rect [39m[32m200[39m [90m36 ms - 50[39m
[35m[HTTP][39m [90m[39m
[35m[HTTP][39m [37m-->[39m [37mPOST[39m [37m/wd/hub/session/451dbaf4-8653-4c12-91c1-6a8caf19a065/elements[39m
[35m[HTTP][39m [90m{"using":"xpath","value":"//*[@class = 'android.widget.TextView' and (@text = '16' or . = '16') and @resource-id = 'com.google.android.calculator:id/result_final']"}[39m
[35m[HTTP][39m [37m<-- POST /wd/hub/session/451dbaf4-8653-4c12-91c1-6a8caf19a065/elements [39m[32m200[39m [90m130 ms - 139[39m
[35m[HTTP][39m [90m[39m
[35m[HTTP][39m [37m-->[39m [37mGET[39m [37m/wd/hub/session/451dbaf4-8653-4c12-91c1-6a8caf19a065/element/00000000-0000-004d-ffff-ffff00000021/location[39m
[35m[HTTP][39m [90m{}[39m
[35m[W3C (451dbaf4)][39m Driver proxy active, passing request on via HTTP proxy
[35m[WD Proxy][39m Replacing sessionId 85b05385-6fde-4413-90a6-67cea3ae2a99 with 451dbaf4-8653-4c12-91c1-6a8caf19a065
[35m[HTTP][39m [37m<-- GET /wd/hub/session/451dbaf4-8653-4c12-91c1-6a8caf19a065/element/00000000-0000-004d-ffff-ffff00000021/location [39m[32m200[39m [90m17 ms - 76[39m
[35m[HTTP][39m [90m[39m
[35m[HTTP][39m [37m-->[39m [37mPOST[39m [37m/wd/hub/session/451dbaf4-8653-4c12-91c1-6a8caf19a065/timeouts[39m
[35m[HTTP][39m [90m{"implicit":30000}[39m
[35m[HTTP][39m [37m<-- POST /wd/hub/session/451dbaf4-8653-4c12-91c1-6a8caf19a065/timeouts [39m[32m200[39m [90m1 ms - 14[39m
[35m[HTTP][39m [90m[39m
[35m[HTTP][39m [37m-->[39m [37mGET[39m [37m/wd/hub/session/451dbaf4-8653-4c12-91c1-6a8caf19a065/element/00000000-0000-004d-ffff-ffff00000021/text[39m
[35m[HTTP][39m [90m{}[39m
[35m[W3C (451dbaf4)][39m Driver proxy active, passing request on via HTTP proxy
[35m[WD Proxy][39m Replacing sessionId 85b05385-6fde-4413-90a6-67cea3ae2a99 with 451dbaf4-8653-4c12-91c1-6a8caf19a065
[35m[HTTP][39m [37m<-- GET /wd/hub/session/451dbaf4-8653-4c12-91c1-6a8caf19a065/element/00000000-0000-004d-ffff-ffff00000021/text [39m[32m200[39m [90m11 ms - 65[39m
[35m[HTTP][39m [90m[39m
[35m[HTTP][39m [37m-->[39m [37mDELETE[39m [37m/wd/hub/session/451dbaf4-8653-4c12-91c1-6a8caf19a065[39m
[35m[HTTP][39m [90m{}[39m
[35m[Appium][39m Removing session 451dbaf4-8653-4c12-91c1-6a8caf19a065 from our master session list
[35m[UiAutomator2][39m Restoring hidden api policy to the device default configuration
[35m[HTTP][39m [37m<-- DELETE /wd/hub/session/451dbaf4-8653-4c12-91c1-6a8caf19a065 [39m[32m200[39m [90m309 ms - 14[39m
[35m[HTTP][39m [90m[39m
